android/app/build/intermediates/manifest_merge_blame_file/debug/manifest-merger-blame-debug-report.txt
1<?xml version="1.0" encoding="utf-8"?>
2<manifest xmlns:android="http://schemas.android.com/apk/res/android"
3    package="com.deeplinkingtestapp"
4    android:versionCode="1"
5    android:versionName="1.0" >
6
7    <uses-sdk
8        android:minSdkVersion="21"
9        android:targetSdkVersion="30" />
10
11    <uses-permission android:name="android.permission.SYSTEM_ALERT_WINDOW" />
11-->src/main/AndroidManifest.xml:5:5-77
11-->src/main/AndroidManifest.xml:5:22-75
12    <uses-permission android:name="android.permission.INTERNET" />
12-->src/main/AndroidManifest.xml:4:5-67
12-->src/main/AndroidManifest.xml:4:22-64
13    <uses-permission android:name="android.permission.ACCESS_WIFI_STATE" />
13-->[com.facebook.flipper:flipper:0.99.0] AndroidManifest.xml:16:5-76
13-->[com.facebook.flipper:flipper:0.99.0] AndroidManifest.xml:16:22-73
14
15    <application
15-->src/main/AndroidManifest.xml:7:5-44:19
16        android:name="com.deeplinkingtestapp.MainApplication"
16-->src/main/AndroidManifest.xml:8:7-38
17        android:allowBackup="false"
17-->src/main/AndroidManifest.xml:13:7-34
18        android:appComponentFactory="androidx.core.app.CoreComponentFactory"
18-->[androidx.core:core:1.6.0] AndroidManifest.xml:24:18-86
19        android:debuggable="true"
20        android:icon="@mipmap/ic_launcher"
20-->src/main/AndroidManifest.xml:11:7-41
21        android:label="@string/app_name"
21-->src/main/AndroidManifest.xml:10:7-39
22        android:launchMode="singleTask"
22-->src/main/AndroidManifest.xml:9:7-38
23        android:roundIcon="@mipmap/ic_launcher_round"
23-->src/main/AndroidManifest.xml:12:7-52
24        android:theme="@style/AppTheme"
24-->src/main/AndroidManifest.xml:14:7-38
25        android:usesCleartextTraffic="true" >
25-->src/debug/AndroidManifest.xml:8:9-44
26        <activity android:name="com.facebook.react.devsupport.DevSettingsActivity" />
26-->src/debug/AndroidManifest.xml:11:9-86
26-->src/debug/AndroidManifest.xml:11:19-83
27        <activity
27-->src/main/AndroidManifest.xml:15:7-43:18
28            android:name="com.deeplinkingtestapp.MainActivity"
28-->src/main/AndroidManifest.xml:16:9-37
29            android:configChanges="keyboard|keyboardHidden|orientation|screenSize|uiMode"
29-->src/main/AndroidManifest.xml:18:9-86
30            android:label="@string/app_name"
30-->src/main/AndroidManifest.xml:17:9-41
31            android:launchMode="singleTask"
31-->src/main/AndroidManifest.xml:19:9-40
32            android:windowSoftInputMode="adjustResize" >
32-->src/main/AndroidManifest.xml:20:9-51
33            <intent-filter android:autoVerify="true" >
33-->src/main/AndroidManifest.xml:21:9-25:25
33-->src/main/AndroidManifest.xml:22:11-36
34                <action android:name="android.intent.action.MAIN" />
34-->src/main/AndroidManifest.xml:23:13-65
34-->src/main/AndroidManifest.xml:23:21-62
35
36                <category android:name="android.intent.category.LAUNCHER" />
36-->src/main/AndroidManifest.xml:24:13-73
36-->src/main/AndroidManifest.xml:24:23-70
37            </intent-filter>
38
39            <!--
40        <intent-filter android:label="filter_react_native">
41          <action android:name="android.intent.action.VIEW" />
42          <category android:name="android.intent.category.DEFAULT" />
43          <category android:name="android.intent.category.BROWSABLE" />
44          <data android:scheme="deeplinkingtestapp" android:host="people" />
45        </intent-filter>
46            -->
47            <intent-filter>
47-->src/main/AndroidManifest.xml:33:9-41:25
48                <action android:name="android.intent.action.VIEW" />
48-->src/main/AndroidManifest.xml:34:9-61
48-->src/main/AndroidManifest.xml:34:17-58
49
50                <category android:name="android.intent.category.DEFAULT" />
50-->src/main/AndroidManifest.xml:35:9-68
50-->src/main/AndroidManifest.xml:35:19-65
51                <category android:name="android.intent.category.BROWSABLE" />
51-->src/main/AndroidManifest.xml:36:9-70
51-->src/main/AndroidManifest.xml:36:19-67
52                <!-- <data android:scheme="myapp" /> -->
53                <data
53-->src/main/AndroidManifest.xml:38:9-62
54                    android:host="people"
54-->src/main/AndroidManifest.xml:38:38-59
55                    android:scheme="myapp" />
55-->src/main/AndroidManifest.xml:38:15-37
56                <data
56-->src/main/AndroidManifest.xml:38:9-62
57                    android:host="www.example.com"
57-->src/main/AndroidManifest.xml:38:38-59
58                    android:scheme="https" />
58-->src/main/AndroidManifest.xml:38:15-37
59                <data
59-->src/main/AndroidManifest.xml:38:9-62
60                    android:host="www.example.com"
60-->src/main/AndroidManifest.xml:38:38-59
61                    android:scheme="http" />
61-->src/main/AndroidManifest.xml:38:15-37
62            </intent-filter>
63        </activity>
64    </application>
65
66</manifest>